<?xml version="1.0" encoding="UTF-8"?>
<testsuite name="com.greencommute.jobservice.service.impl.JobPostServiceImplTest" tests="7" skipped="0" failures="0" errors="0" timestamp="2021-09-18T06:21:39" hostname="8BG3Y93" time="0.101">
  <properties/>
  <testcase name="getAllJobPosts()" classname="com.greencommute.jobservice.service.impl.JobPostServiceImplTest" time="0.054"/>
  <testcase name="getJobPostByIdThrowsException()" classname="com.greencommute.jobservice.service.impl.JobPostServiceImplTest" time="0.004"/>
  <testcase name="saveJobTest()" classname="com.greencommute.jobservice.service.impl.JobPostServiceImplTest" time="0.018"/>
  <testcase name="getJobsByCityAndOrgIds()" classname="com.greencommute.jobservice.service.impl.JobPostServiceImplTest" time="0.005"/>
  <testcase name="deleteSavedJobTest()" classname="com.greencommute.jobservice.service.impl.JobPostServiceImplTest" time="0.002"/>
  <testcase name="getSavedJobsTest()" classname="com.greencommute.jobservice.service.impl.JobPostServiceImplTest" time="0.006"/>
  <testcase name="getJobPostById()" classname="com.greencommute.jobservice.service.impl.JobPostServiceImplTest" time="0.003"/>
  <system-out><![CDATA[2021-09-18 11:51:39.522  INFO 63963 --- [    Test worker] o.s.t.c.s.DefaultTestContextBootstrapper : Neither @ContextConfiguration nor @ContextHierarchy found for test class [com.greencommute.jobservice.service.impl.JobPostServiceImplTest], using DelegatingSmartContextLoader
2021-09-18 11:51:39.523  INFO 63963 --- [    Test worker] o.s.t.c.support.AbstractContextLoader    : Could not detect default resource locations for test class [com.greencommute.jobservice.service.impl.JobPostServiceImplTest]: no resource found for suffixes {-context.xml}.
2021-09-18 11:51:39.525  INFO 63963 --- [    Test worker] c.s.AbstractDelegatingSmartContextLoader : AnnotationConfigContextLoader detected default configuration classes for context configuration [ContextConfigurationAttributes@7f0a6ba4 declaringClass = 'com.greencommute.jobservice.service.impl.JobPostServiceImplTest', classes = '{class com.greencommute.jobservice.service.impl.JobPostServiceImplTest$JobPostServiceImplTestContextConfiguration}', locations = '{}', inheritLocations = false, initializers = '{}', inheritInitializers = true, name = [null], contextLoaderClass = 'org.springframework.test.context.ContextLoader'].
2021-09-18 11:51:39.527  INFO 63963 --- [    Test worker] o.s.t.c.s.DefaultTestContextBootstrapper : Loaded default TestExecutionListener class names from location [META-INF/spring.factories]: [org.springframework.boot.test.autoconfigure.restdocs.RestDocsTestExecutionListener, org.springframework.boot.test.autoconfigure.web.client.MockRestServiceServerResetTestExecutionListener, org.springframework.boot.test.autoconfigure.web.servlet.MockMvcPrintOnlyOnFailureTestExecutionListener, org.springframework.boot.test.autoconfigure.web.servlet.WebDriverTestExecutionListener, org.springframework.boot.test.autoconfigure.webservices.client.MockWebServiceServerTestExecutionListener, org.springframework.boot.test.mock.mockito.MockitoTestExecutionListener, org.springframework.boot.test.mock.mockito.ResetMocksTestExecutionListener, org.springframework.test.context.web.ServletTestExecutionListener, org.springframework.test.context.support.DirtiesContextBeforeModesTestExecutionListener, org.springframework.test.context.event.ApplicationEventsTestExecutionListener, org.springframework.test.context.support.DependencyInjectionTestExecutionListener, org.springframework.test.context.support.DirtiesContextTestExecutionListener, org.springframework.test.context.transaction.TransactionalTestExecutionListener, org.springframework.test.context.jdbc.SqlScriptsTestExecutionListener, org.springframework.test.context.event.EventPublishingTestExecutionListener]
2021-09-18 11:51:39.528  INFO 63963 --- [    Test worker] o.s.t.c.s.DefaultTestContextBootstrapper : Using TestExecutionListeners: [org.springframework.test.context.web.ServletTestExecutionListener@2c202495, org.springframework.test.context.support.DirtiesContextBeforeModesTestExecutionListener@e0b6bf6, org.springframework.test.context.event.ApplicationEventsTestExecutionListener@3341d68c, org.springframework.boot.test.mock.mockito.MockitoTestExecutionListener@7a9c4c06, org.springframework.test.context.support.DependencyInjectionTestExecutionListener@57b5cb4c, org.springframework.test.context.support.DirtiesContextTestExecutionListener@2344e97, org.springframework.test.context.transaction.TransactionalTestExecutionListener@3ffc1deb, org.springframework.test.context.jdbc.SqlScriptsTestExecutionListener@27988a6e, org.springframework.test.context.event.EventPublishingTestExecutionListener@5e8eca7a, org.springframework.boot.test.autoconfigure.restdocs.RestDocsTestExecutionListener@7eee67ca, org.springframework.boot.test.autoconfigure.web.client.MockRestServiceServerResetTestExecutionListener@21a22eb9, org.springframework.boot.test.autoconfigure.web.servlet.MockMvcPrintOnlyOnFailureTestExecutionListener@428a0b19, org.springframework.boot.test.autoconfigure.web.servlet.WebDriverTestExecutionListener@6affc428, org.springframework.boot.test.autoconfigure.webservices.client.MockWebServiceServerTestExecutionListener@67a23e8a, org.springframework.boot.test.mock.mockito.ResetMocksTestExecutionListener@57c50321]
]]></system-out>
  <system-err><![CDATA[]]></system-err>
</testsuite>
